Starting Megatorrent Supernode (Java)...
04:24:15.701 [main] DEBUG io.netty.util.internal.logging.InternalLoggerFactory -- Using SLF4J as the default logging framework
04:24:15.707 [main] DEBUG io.netty.channel.MultithreadEventLoopGroup -- -Dio.netty.eventLoopThreads: 8
04:24:15.720 [main] DEBUG io.netty.util.concurrent.GlobalEventExecutor -- -Dio.netty.globalEventExecutor.quietPeriodSeconds: 1
04:24:15.729 [main] DEBUG io.netty.util.internal.InternalThreadLocalMap -- -Dio.netty.threadLocalMap.stringBuilder.initialSize: 1024
04:24:15.730 [main] DEBUG io.netty.util.internal.InternalThreadLocalMap -- -Dio.netty.threadLocalMap.stringBuilder.maxSize: 4096
04:24:15.755 [main] DEBUG io.netty.util.internal.PlatformDependent0 -- -Dio.netty.noUnsafe: false
04:24:15.755 [main] DEBUG io.netty.util.internal.PlatformDependent0 -- Java version: 21
04:24:15.758 [main] DEBUG io.netty.util.internal.PlatformDependent0 -- sun.misc.Unsafe.theUnsafe: available
04:24:15.758 [main] DEBUG io.netty.util.internal.PlatformDependent0 -- sun.misc.Unsafe.copyMemory: available
04:24:15.759 [main] DEBUG io.netty.util.internal.PlatformDependent0 -- sun.misc.Unsafe.storeFence: available
04:24:15.759 [main] DEBUG io.netty.util.internal.PlatformDependent0 -- java.nio.Buffer.address: available
04:24:15.760 [main] DEBUG io.netty.util.internal.PlatformDependent0 -- direct buffer constructor: unavailable: Reflective setAccessible(true) disabled
04:24:15.761 [main] DEBUG io.netty.util.internal.PlatformDependent0 -- java.nio.Bits.unaligned: available, true
04:24:15.762 [main] DEBUG io.netty.util.internal.PlatformDependent0 -- jdk.internal.misc.Unsafe.allocateUninitializedArray(int): unavailable: class io.netty.util.internal.PlatformDependent0$7 cannot access class jdk.internal.misc.Unsafe (in module java.base) because module java.base does not export jdk.internal.misc to unnamed module @77cd7a0
04:24:15.763 [main] DEBUG io.netty.util.internal.PlatformDependent0 -- java.nio.DirectByteBuffer.<init>(long, {int,long}): unavailable
04:24:15.763 [main] DEBUG io.netty.util.internal.PlatformDependent -- sun.misc.Unsafe: available
04:24:15.763 [main] DEBUG io.netty.util.internal.PlatformDependent -- -Dio.netty.tmpdir: /tmp (java.io.tmpdir)
04:24:15.763 [main] DEBUG io.netty.util.internal.PlatformDependent -- -Dio.netty.bitMode: 64 (sun.arch.data.model)
04:24:15.766 [main] DEBUG io.netty.util.internal.PlatformDependent -- -Dio.netty.maxDirectMemory: -1 bytes
04:24:15.766 [main] DEBUG io.netty.util.internal.PlatformDependent -- -Dio.netty.uninitializedArrayAllocationThreshold: -1
04:24:15.770 [main] DEBUG io.netty.util.internal.CleanerJava9 -- java.nio.ByteBuffer.cleaner(): available
04:24:15.770 [main] DEBUG io.netty.util.internal.PlatformDependent -- -Dio.netty.noPreferDirect: false
04:24:15.772 [main] DEBUG io.netty.channel.nio.NioEventLoop -- -Dio.netty.noKeySetOptimization: false
04:24:15.772 [main] DEBUG io.netty.channel.nio.NioEventLoop -- -Dio.netty.selectorAutoRebuildThreshold: 512
04:24:15.781 [main] DEBUG io.netty.util.internal.PlatformDependent -- org.jctools-core.MpscChunkedArrayQueue: available
04:24:16.083 [main] DEBUG io.netty.channel.DefaultChannelId -- -Dio.netty.processId: 374048 (auto-detected)
04:24:16.087 [main] DEBUG io.netty.util.NetUtil -- -Djava.net.preferIPv4Stack: false
04:24:16.087 [main] DEBUG io.netty.util.NetUtil -- -Djava.net.preferIPv6Addresses: false
04:24:16.089 [main] DEBUG io.netty.util.NetUtilInitializations -- Loopback interface: lo (lo, 0:0:0:0:0:0:0:1%lo)
04:24:16.090 [main] DEBUG io.netty.util.NetUtil -- /proc/sys/net/core/somaxconn: 4096
04:24:16.091 [main] DEBUG io.netty.channel.DefaultChannelId -- -Dio.netty.machineId: 2a:d6:3f:ff:fe:c0:9f:e6 (auto-detected)
04:24:16.101 [main] DEBUG io.netty.util.ResourceLeakDetector -- -Dio.netty.leakDetection.level: simple
04:24:16.102 [main] DEBUG io.netty.util.ResourceLeakDetector -- -Dio.netty.leakDetection.targetRecords: 4
04:24:16.125 [main] DEBUG io.netty.buffer.PooledByteBufAllocator -- -Dio.netty.allocator.numHeapArenas: 8
04:24:16.125 [main] DEBUG io.netty.buffer.PooledByteBufAllocator -- -Dio.netty.allocator.numDirectArenas: 8
04:24:16.125 [main] DEBUG io.netty.buffer.PooledByteBufAllocator -- -Dio.netty.allocator.pageSize: 8192
04:24:16.125 [main] DEBUG io.netty.buffer.PooledByteBufAllocator -- -Dio.netty.allocator.maxOrder: 9
04:24:16.125 [main] DEBUG io.netty.buffer.PooledByteBufAllocator -- -Dio.netty.allocator.chunkSize: 4194304
04:24:16.126 [main] DEBUG io.netty.buffer.PooledByteBufAllocator -- -Dio.netty.allocator.smallCacheSize: 256
04:24:16.126 [main] DEBUG io.netty.buffer.PooledByteBufAllocator -- -Dio.netty.allocator.normalCacheSize: 64
04:24:16.126 [main] DEBUG io.netty.buffer.PooledByteBufAllocator -- -Dio.netty.allocator.maxCachedBufferCapacity: 32768
04:24:16.126 [main] DEBUG io.netty.buffer.PooledByteBufAllocator -- -Dio.netty.allocator.cacheTrimInterval: 8192
04:24:16.126 [main] DEBUG io.netty.buffer.PooledByteBufAllocator -- -Dio.netty.allocator.cacheTrimIntervalMillis: 0
04:24:16.126 [main] DEBUG io.netty.buffer.PooledByteBufAllocator -- -Dio.netty.allocator.useCacheForAllThreads: false
04:24:16.126 [main] DEBUG io.netty.buffer.PooledByteBufAllocator -- -Dio.netty.allocator.maxCachedByteBuffersPerChunk: 1023
04:24:16.135 [main] DEBUG io.netty.buffer.ByteBufUtil -- -Dio.netty.allocator.type: pooled
04:24:16.135 [main] DEBUG io.netty.buffer.ByteBufUtil -- -Dio.netty.threadLocalDirectBufferSize: 0
04:24:16.135 [main] DEBUG io.netty.buffer.ByteBufUtil -- -Dio.netty.maxThreadLocalCharBufferSize: 16384
04:24:16.137 [main] DEBUG io.netty.bootstrap.ChannelInitializerExtensions -- -Dio.netty.bootstrap.extensions: null
Network started.
Web UI API started on http://127.0.0.1:8080
04:25:07.023 [nioEventLoopGroup-9-1] DEBUG io.netty.buffer.AbstractByteBuf -- -Dio.netty.buffer.checkAccessible: true
04:25:07.023 [nioEventLoopGroup-9-1] DEBUG io.netty.buffer.AbstractByteBuf -- -Dio.netty.buffer.checkBounds: true
04:25:07.024 [nioEventLoopGroup-9-1] DEBUG io.netty.util.ResourceLeakDetectorFactory -- Loaded default ResourceLeakDetector: io.netty.util.ResourceLeakDetector@286a1370
04:25:07.051 [nioEventLoopGroup-9-1] DEBUG io.netty.util.Recycler -- -Dio.netty.recycler.maxCapacityPerThread: 4096
04:25:07.051 [nioEventLoopGroup-9-1] DEBUG io.netty.util.Recycler -- -Dio.netty.recycler.ratio: 8
04:25:07.052 [nioEventLoopGroup-9-1] DEBUG io.netty.util.Recycler -- -Dio.netty.recycler.chunkSize: 32
04:25:07.052 [nioEventLoopGroup-9-1] DEBUG io.netty.util.Recycler -- -Dio.netty.recycler.blocking: false
04:25:07.052 [nioEventLoopGroup-9-1] DEBUG io.netty.util.Recycler -- -Dio.netty.recycler.batchFastThreadLocalOnly: true
